<?xml version="1.0" encoding="UTF-8"?>
<testsuite xmlns:xsi="http://www.w3.org/2001/XMLSchema-instance" xsi:noNamespaceSchemaLocation="https://maven.apache.org/surefire/maven-surefire-plugin/xsd/surefire-test-report.xsd" name="es.iespuertolacruz.furguito.FurguitoAppTest" time="0.195" tests="10" errors="0" skipped="0" failures="0">
  <properties>
    <property name="java.specification.version" value="15"/>
    <property name="sun.jnu.encoding" value="UTF-8"/>
    <property name="java.class.path" value="/Users/giovanni/Documents/Furguito/Furguito/target/test-classes:/Users/giovanni/Documents/Furguito/Furguito/target/classes:/Users/giovanni/.m2/repository/org/xerial/sqlite-jdbc/3.34.0/sqlite-jdbc-3.34.0.jar:/Users/giovanni/.m2/repository/org/apache/maven/plugins/maven-javadoc-plugin/3.2.0/maven-javadoc-plugin-3.2.0.jar:/Users/giovanni/.m2/repository/org/apache/maven/maven-core/3.0/maven-core-3.0.jar:/Users/giovanni/.m2/repository/org/apache/maven/maven-settings-builder/3.0/maven-settings-builder-3.0.jar:/Users/giovanni/.m2/repository/org/apache/maven/maven-repository-metadata/3.0/maven-repository-metadata-3.0.jar:/Users/giovanni/.m2/repository/org/apache/maven/maven-model-builder/3.0/maven-model-builder-3.0.jar:/Users/giovanni/.m2/repository/org/apache/maven/maven-aether-provider/3.0/maven-aether-provider-3.0.jar:/Users/giovanni/.m2/repository/org/sonatype/aether/aether-impl/1.7/aether-impl-1.7.jar:/Users/giovanni/.m2/repository/org/sonatype/aether/aether-spi/1.7/aether-spi-1.7.jar:/Users/giovanni/.m2/repository/org/sonatype/aether/aether-api/1.7/aether-api-1.7.jar:/Users/giovanni/.m2/repository/org/sonatype/aether/aether-util/1.7/aether-util-1.7.jar:/Users/giovanni/.m2/repository/org/sonatype/sisu/sisu-inject-plexus/1.4.2/sisu-inject-plexus-1.4.2.jar:/Users/giovanni/.m2/repository/org/sonatype/sisu/sisu-inject-bean/1.4.2/sisu-inject-bean-1.4.2.jar:/Users/giovanni/.m2/repository/org/sonatype/sisu/sisu-guice/2.1.7/sisu-guice-2.1.7-noaop.jar:/Users/giovanni/.m2/repository/org/codehaus/plexus/plexus-interpolation/1.14/plexus-interpolation-1.14.jar:/Users/giovanni/.m2/repository/org/codehaus/plexus/plexus-classworlds/2.2.3/plexus-classworlds-2.2.3.jar:/Users/giovanni/.m2/repository/org/codehaus/plexus/plexus-component-annotations/1.5.5/plexus-component-annotations-1.5.5.jar:/Users/giovanni/.m2/repository/org/sonatype/plexus/plexus-sec-dispatcher/1.3/plexus-sec-dispatcher-1.3.jar:/Users/giovanni/.m2/repository/org/sonatype/plexus/plexus-cipher/1.4/plexus-cipher-1.4.jar:/Users/giovanni/.m2/repository/org/apache/maven/maven-model/3.0/maven-model-3.0.jar:/Users/giovanni/.m2/repository/org/apache/maven/maven-settings/3.0/maven-settings-3.0.jar:/Users/giovanni/.m2/repository/org/apache/maven/maven-plugin-api/3.0/maven-plugin-api-3.0.jar:/Users/giovanni/.m2/repository/org/apache/maven/maven-artifact/3.0/maven-artifact-3.0.jar:/Users/giovanni/.m2/repository/org/apache/maven/reporting/maven-reporting-api/3.0/maven-reporting-api-3.0.jar:/Users/giovanni/.m2/repository/org/apache/maven/maven-archiver/3.5.0/maven-archiver-3.5.0.jar:/Users/giovanni/.m2/repository/org/apache/maven/shared/maven-shared-utils/3.2.1/maven-shared-utils-3.2.1.jar:/Users/giovanni/.m2/repository/org/apache/maven/shared/maven-invoker/3.0.0/maven-invoker-3.0.0.jar:/Users/giovanni/.m2/repository/org/apache/maven/shared/maven-common-artifact-filters/3.0.0/maven-common-artifact-filters-3.0.0.jar:/Users/giovanni/.m2/repository/org/apache/maven/shared/maven-artifact-transfer/0.10.1/maven-artifact-transfer-0.10.1.jar:/Users/giovanni/.m2/repository/commons-codec/commons-codec/1.11/commons-codec-1.11.jar:/Users/giovanni/.m2/repository/org/slf4j/slf4j-api/1.7.5/slf4j-api-1.7.5.jar:/Users/giovanni/.m2/repository/org/apache/maven/doxia/doxia-sink-api/1.7/doxia-sink-api-1.7.jar:/Users/giovanni/.m2/repository/org/apache/maven/doxia/doxia-logging-api/1.7/doxia-logging-api-1.7.jar:/Users/giovanni/.m2/repository/org/apache/maven/doxia/doxia-site-renderer/1.9.2/doxia-site-renderer-1.9.2.jar:/Users/giovanni/.m2/repository/org/apache/maven/doxia/doxia-core/1.9.1/doxia-core-1.9.1.jar:/Users/giovanni/.m2/repository/org/apache/maven/doxia/doxia-decoration-model/1.9.2/doxia-decoration-model-1.9.2.jar:/Users/giovanni/.m2/repository/org/apache/maven/doxia/doxia-skin-model/1.9.2/doxia-skin-model-1.9.2.jar:/Users/giovanni/.m2/repository/org/apache/maven/doxia/doxia-module-xhtml/1.9.1/doxia-module-xhtml-1.9.1.jar:/Users/giovanni/.m2/repository/org/apache/maven/doxia/doxia-module-xhtml5/1.9.1/doxia-module-xhtml5-1.9.1.jar:/Users/giovanni/.m2/repository/org/codehaus/plexus/plexus-i18n/1.0-beta-10/plexus-i18n-1.0-beta-10.jar:/Users/giovanni/.m2/repository/org/codehaus/plexus/plexus-container-default/1.0-alpha-30/plexus-container-default-1.0-alpha-30.jar:/Users/giovanni/.m2/repository/junit/junit/3.8.1/junit-3.8.1.jar:/Users/giovanni/.m2/repository/org/codehaus/plexus/plexus-velocity/1.2/plexus-velocity-1.2.jar:/Users/giovanni/.m2/repository/org/apache/velocity/velocity/1.7/velocity-1.7.jar:/Users/giovanni/.m2/repository/commons-lang/commons-lang/2.4/commons-lang-2.4.jar:/Users/giovanni/.m2/repository/org/apache/velocity/velocity-tools/2.0/velocity-tools-2.0.jar:/Users/giovanni/.m2/repository/commons-beanutils/commons-beanutils/1.7.0/commons-beanutils-1.7.0.jar:/Users/giovanni/.m2/repository/commons-digester/commons-digester/1.8/commons-digester-1.8.jar:/Users/giovanni/.m2/repository/commons-chain/commons-chain/1.1/commons-chain-1.1.jar:/Users/giovanni/.m2/repository/dom4j/dom4j/1.1/dom4j-1.1.jar:/Users/giovanni/.m2/repository/oro/oro/2.0.8/oro-2.0.8.jar:/Users/giovanni/.m2/repository/commons-collections/commons-collections/3.2.2/commons-collections-3.2.2.jar:/Users/giovanni/.m2/repository/org/apache/maven/wagon/wagon-provider-api/2.4/wagon-provider-api-2.4.jar:/Users/giovanni/.m2/repository/org/apache/commons/commons-lang3/3.5/commons-lang3-3.5.jar:/Users/giovanni/.m2/repository/commons-io/commons-io/2.5/commons-io-2.5.jar:/Users/giovanni/.m2/repository/org/apache/httpcomponents/httpclient/4.5.8/httpclient-4.5.8.jar:/Users/giovanni/.m2/repository/org/apache/httpcomponents/httpcore/4.4.11/httpcore-4.4.11.jar:/Users/giovanni/.m2/repository/commons-logging/commons-logging/1.2/commons-logging-1.2.jar:/Users/giovanni/.m2/repository/com/thoughtworks/qdox/qdox/2.0-M10/qdox-2.0-M10.jar:/Users/giovanni/.m2/repository/org/codehaus/plexus/plexus-java/1.0.5/plexus-java-1.0.5.jar:/Users/giovanni/.m2/repository/org/ow2/asm/asm/7.2/asm-7.2.jar:/Users/giovanni/.m2/repository/org/codehaus/plexus/plexus-archiver/4.2.1/plexus-archiver-4.2.1.jar:/Users/giovanni/.m2/repository/org/apache/commons/commons-compress/1.19/commons-compress-1.19.jar:/Users/giovanni/.m2/repository/org/iq80/snappy/snappy/0.4/snappy-0.4.jar:/Users/giovanni/.m2/repository/org/tukaani/xz/1.8/xz-1.8.jar:/Users/giovanni/.m2/repository/org/codehaus/plexus/plexus-io/3.2.0/plexus-io-3.2.0.jar:/Users/giovanni/.m2/repository/org/codehaus/plexus/plexus-utils/3.3.0/plexus-utils-3.3.0.jar:/Users/giovanni/.m2/repository/org/codehaus/plexus/plexus-interactivity-api/1.0-alpha-6/plexus-interactivity-api-1.0-alpha-6.jar:/Users/giovanni/.m2/repository/org/junit/jupiter/junit-jupiter-api/5.6.0/junit-jupiter-api-5.6.0.jar:/Users/giovanni/.m2/repository/org/apiguardian/apiguardian-api/1.1.0/apiguardian-api-1.1.0.jar:/Users/giovanni/.m2/repository/org/opentest4j/opentest4j/1.2.0/opentest4j-1.2.0.jar:/Users/giovanni/.m2/repository/org/junit/platform/junit-platform-commons/1.6.0/junit-platform-commons-1.6.0.jar:/Users/giovanni/.m2/repository/org/junit/jupiter/junit-jupiter-params/5.6.0/junit-jupiter-params-5.6.0.jar:/Users/giovanni/.m2/repository/org/junit/jupiter/junit-jupiter-engine/5.6.0/junit-jupiter-engine-5.6.0.jar:/Users/giovanni/.m2/repository/org/junit/platform/junit-platform-engine/1.6.0/junit-platform-engine-1.6.0.jar:"/>
    <property name="java.vm.vendor" value="Oracle Corporation"/>
    <property name="sun.arch.data.model" value="64"/>
    <property name="java.vendor.url" value="https://openjdk.java.net/"/>
    <property name="os.name" value="Mac OS X"/>
    <property name="java.vm.specification.version" value="15"/>
    <property name="sun.java.launcher" value="SUN_STANDARD"/>
    <property name="user.country" value="ES"/>
    <property name="sun.boot.library.path" value="/usr/local/Cellar/openjdk/15.0.2/libexec/openjdk.jdk/Contents/Home/lib"/>
    <property name="sun.java.command" value="/Users/giovanni/Documents/Furguito/Furguito/target/surefire/surefirebooter13077261250875207754.jar /Users/giovanni/Documents/Furguito/Furguito/target/surefire 2021-06-07T16-58-32_127-jvmRun1 surefire18232861588465538343tmp surefire_018204219900480942355tmp"/>
    <property name="http.nonProxyHosts" value="local|*.local|169.254/16|*.169.254/16"/>
    <property name="jdk.debug" value="release"/>
    <property name="surefire.test.class.path" value="/Users/giovanni/Documents/Furguito/Furguito/target/test-classes:/Users/giovanni/Documents/Furguito/Furguito/target/classes:/Users/giovanni/.m2/repository/org/xerial/sqlite-jdbc/3.34.0/sqlite-jdbc-3.34.0.jar:/Users/giovanni/.m2/repository/org/apache/maven/plugins/maven-javadoc-plugin/3.2.0/maven-javadoc-plugin-3.2.0.jar:/Users/giovanni/.m2/repository/org/apache/maven/maven-core/3.0/maven-core-3.0.jar:/Users/giovanni/.m2/repository/org/apache/maven/maven-settings-builder/3.0/maven-settings-builder-3.0.jar:/Users/giovanni/.m2/repository/org/apache/maven/maven-repository-metadata/3.0/maven-repository-metadata-3.0.jar:/Users/giovanni/.m2/repository/org/apache/maven/maven-model-builder/3.0/maven-model-builder-3.0.jar:/Users/giovanni/.m2/repository/org/apache/maven/maven-aether-provider/3.0/maven-aether-provider-3.0.jar:/Users/giovanni/.m2/repository/org/sonatype/aether/aether-impl/1.7/aether-impl-1.7.jar:/Users/giovanni/.m2/repository/org/sonatype/aether/aether-spi/1.7/aether-spi-1.7.jar:/Users/giovanni/.m2/repository/org/sonatype/aether/aether-api/1.7/aether-api-1.7.jar:/Users/giovanni/.m2/repository/org/sonatype/aether/aether-util/1.7/aether-util-1.7.jar:/Users/giovanni/.m2/repository/org/sonatype/sisu/sisu-inject-plexus/1.4.2/sisu-inject-plexus-1.4.2.jar:/Users/giovanni/.m2/repository/org/sonatype/sisu/sisu-inject-bean/1.4.2/sisu-inject-bean-1.4.2.jar:/Users/giovanni/.m2/repository/org/sonatype/sisu/sisu-guice/2.1.7/sisu-guice-2.1.7-noaop.jar:/Users/giovanni/.m2/repository/org/codehaus/plexus/plexus-interpolation/1.14/plexus-interpolation-1.14.jar:/Users/giovanni/.m2/repository/org/codehaus/plexus/plexus-classworlds/2.2.3/plexus-classworlds-2.2.3.jar:/Users/giovanni/.m2/repository/org/codehaus/plexus/plexus-component-annotations/1.5.5/plexus-component-annotations-1.5.5.jar:/Users/giovanni/.m2/repository/org/sonatype/plexus/plexus-sec-dispatcher/1.3/plexus-sec-dispatcher-1.3.jar:/Users/giovanni/.m2/repository/org/sonatype/plexus/plexus-cipher/1.4/plexus-cipher-1.4.jar:/Users/giovanni/.m2/repository/org/apache/maven/maven-model/3.0/maven-model-3.0.jar:/Users/giovanni/.m2/repository/org/apache/maven/maven-settings/3.0/maven-settings-3.0.jar:/Users/giovanni/.m2/repository/org/apache/maven/maven-plugin-api/3.0/maven-plugin-api-3.0.jar:/Users/giovanni/.m2/repository/org/apache/maven/maven-artifact/3.0/maven-artifact-3.0.jar:/Users/giovanni/.m2/repository/org/apache/maven/reporting/maven-reporting-api/3.0/maven-reporting-api-3.0.jar:/Users/giovanni/.m2/repository/org/apache/maven/maven-archiver/3.5.0/maven-archiver-3.5.0.jar:/Users/giovanni/.m2/repository/org/apache/maven/shared/maven-shared-utils/3.2.1/maven-shared-utils-3.2.1.jar:/Users/giovanni/.m2/repository/org/apache/maven/shared/maven-invoker/3.0.0/maven-invoker-3.0.0.jar:/Users/giovanni/.m2/repository/org/apache/maven/shared/maven-common-artifact-filters/3.0.0/maven-common-artifact-filters-3.0.0.jar:/Users/giovanni/.m2/repository/org/apache/maven/shared/maven-artifact-transfer/0.10.1/maven-artifact-transfer-0.10.1.jar:/Users/giovanni/.m2/repository/commons-codec/commons-codec/1.11/commons-codec-1.11.jar:/Users/giovanni/.m2/repository/org/slf4j/slf4j-api/1.7.5/slf4j-api-1.7.5.jar:/Users/giovanni/.m2/repository/org/apache/maven/doxia/doxia-sink-api/1.7/doxia-sink-api-1.7.jar:/Users/giovanni/.m2/repository/org/apache/maven/doxia/doxia-logging-api/1.7/doxia-logging-api-1.7.jar:/Users/giovanni/.m2/repository/org/apache/maven/doxia/doxia-site-renderer/1.9.2/doxia-site-renderer-1.9.2.jar:/Users/giovanni/.m2/repository/org/apache/maven/doxia/doxia-core/1.9.1/doxia-core-1.9.1.jar:/Users/giovanni/.m2/repository/org/apache/maven/doxia/doxia-decoration-model/1.9.2/doxia-decoration-model-1.9.2.jar:/Users/giovanni/.m2/repository/org/apache/maven/doxia/doxia-skin-model/1.9.2/doxia-skin-model-1.9.2.jar:/Users/giovanni/.m2/repository/org/apache/maven/doxia/doxia-module-xhtml/1.9.1/doxia-module-xhtml-1.9.1.jar:/Users/giovanni/.m2/repository/org/apache/maven/doxia/doxia-module-xhtml5/1.9.1/doxia-module-xhtml5-1.9.1.jar:/Users/giovanni/.m2/repository/org/codehaus/plexus/plexus-i18n/1.0-beta-10/plexus-i18n-1.0-beta-10.jar:/Users/giovanni/.m2/repository/org/codehaus/plexus/plexus-container-default/1.0-alpha-30/plexus-container-default-1.0-alpha-30.jar:/Users/giovanni/.m2/repository/junit/junit/3.8.1/junit-3.8.1.jar:/Users/giovanni/.m2/repository/org/codehaus/plexus/plexus-velocity/1.2/plexus-velocity-1.2.jar:/Users/giovanni/.m2/repository/org/apache/velocity/velocity/1.7/velocity-1.7.jar:/Users/giovanni/.m2/repository/commons-lang/commons-lang/2.4/commons-lang-2.4.jar:/Users/giovanni/.m2/repository/org/apache/velocity/velocity-tools/2.0/velocity-tools-2.0.jar:/Users/giovanni/.m2/repository/commons-beanutils/commons-beanutils/1.7.0/commons-beanutils-1.7.0.jar:/Users/giovanni/.m2/repository/commons-digester/commons-digester/1.8/commons-digester-1.8.jar:/Users/giovanni/.m2/repository/commons-chain/commons-chain/1.1/commons-chain-1.1.jar:/Users/giovanni/.m2/repository/dom4j/dom4j/1.1/dom4j-1.1.jar:/Users/giovanni/.m2/repository/oro/oro/2.0.8/oro-2.0.8.jar:/Users/giovanni/.m2/repository/commons-collections/commons-collections/3.2.2/commons-collections-3.2.2.jar:/Users/giovanni/.m2/repository/org/apache/maven/wagon/wagon-provider-api/2.4/wagon-provider-api-2.4.jar:/Users/giovanni/.m2/repository/org/apache/commons/commons-lang3/3.5/commons-lang3-3.5.jar:/Users/giovanni/.m2/repository/commons-io/commons-io/2.5/commons-io-2.5.jar:/Users/giovanni/.m2/repository/org/apache/httpcomponents/httpclient/4.5.8/httpclient-4.5.8.jar:/Users/giovanni/.m2/repository/org/apache/httpcomponents/httpcore/4.4.11/httpcore-4.4.11.jar:/Users/giovanni/.m2/repository/commons-logging/commons-logging/1.2/commons-logging-1.2.jar:/Users/giovanni/.m2/repository/com/thoughtworks/qdox/qdox/2.0-M10/qdox-2.0-M10.jar:/Users/giovanni/.m2/repository/org/codehaus/plexus/plexus-java/1.0.5/plexus-java-1.0.5.jar:/Users/giovanni/.m2/repository/org/ow2/asm/asm/7.2/asm-7.2.jar:/Users/giovanni/.m2/repository/org/codehaus/plexus/plexus-archiver/4.2.1/plexus-archiver-4.2.1.jar:/Users/giovanni/.m2/repository/org/apache/commons/commons-compress/1.19/commons-compress-1.19.jar:/Users/giovanni/.m2/repository/org/iq80/snappy/snappy/0.4/snappy-0.4.jar:/Users/giovanni/.m2/repository/org/tukaani/xz/1.8/xz-1.8.jar:/Users/giovanni/.m2/repository/org/codehaus/plexus/plexus-io/3.2.0/plexus-io-3.2.0.jar:/Users/giovanni/.m2/repository/org/codehaus/plexus/plexus-utils/3.3.0/plexus-utils-3.3.0.jar:/Users/giovanni/.m2/repository/org/codehaus/plexus/plexus-interactivity-api/1.0-alpha-6/plexus-interactivity-api-1.0-alpha-6.jar:/Users/giovanni/.m2/repository/org/junit/jupiter/junit-jupiter-api/5.6.0/junit-jupiter-api-5.6.0.jar:/Users/giovanni/.m2/repository/org/apiguardian/apiguardian-api/1.1.0/apiguardian-api-1.1.0.jar:/Users/giovanni/.m2/repository/org/opentest4j/opentest4j/1.2.0/opentest4j-1.2.0.jar:/Users/giovanni/.m2/repository/org/junit/platform/junit-platform-commons/1.6.0/junit-platform-commons-1.6.0.jar:/Users/giovanni/.m2/repository/org/junit/jupiter/junit-jupiter-params/5.6.0/junit-jupiter-params-5.6.0.jar:/Users/giovanni/.m2/repository/org/junit/jupiter/junit-jupiter-engine/5.6.0/junit-jupiter-engine-5.6.0.jar:/Users/giovanni/.m2/repository/org/junit/platform/junit-platform-engine/1.6.0/junit-platform-engine-1.6.0.jar:"/>
    <property name="sun.cpu.endian" value="little"/>
    <property name="user.home" value="/Users/giovanni"/>
    <property name="user.language" value="es"/>
    <property name="java.specification.vendor" value="Oracle Corporation"/>
    <property name="java.version.date" value="2021-01-19"/>
    <property name="java.home" value="/usr/local/Cellar/openjdk/15.0.2/libexec/openjdk.jdk/Contents/Home"/>
    <property name="file.separator" value="/"/>
    <property name="basedir" value="/Users/giovanni/Documents/Furguito/Furguito"/>
    <property name="java.vm.compressedOopsMode" value="Zero based"/>
    <property name="line.separator" value="&#10;"/>
    <property name="java.specification.name" value="Java Platform API Specification"/>
    <property name="java.vm.specification.vendor" value="Oracle Corporation"/>
    <property name="surefire.real.class.path" value="/Users/giovanni/Documents/Furguito/Furguito/target/surefire/surefirebooter13077261250875207754.jar"/>
    <property name="sun.management.compiler" value="HotSpot 64-Bit Tiered Compilers"/>
    <property name="ftp.nonProxyHosts" value="local|*.local|169.254/16|*.169.254/16"/>
    <property name="java.runtime.version" value="15.0.2+7"/>
    <property name="user.name" value="giovanni"/>
    <property name="path.separator" value=":"/>
    <property name="os.version" value="11.4"/>
    <property name="java.runtime.name" value="OpenJDK Runtime Environment"/>
    <property name="file.encoding" value="UTF-8"/>
    <property name="java.vm.name" value="OpenJDK 64-Bit Server VM"/>
    <property name="localRepository" value="/Users/giovanni/.m2/repository"/>
    <property name="java.vendor.url.bug" value="https://bugreport.java.com/bugreport/"/>
    <property name="java.io.tmpdir" value="/var/folders/23/w8g9k8s93bnbjymwh2xnx5zr0000gn/T/"/>
    <property name="java.version" value="15.0.2"/>
    <property name="user.dir" value="/Users/giovanni/Documents/Furguito/Furguito"/>
    <property name="os.arch" value="x86_64"/>
    <property name="java.vm.specification.name" value="Java Virtual Machine Specification"/>
    <property name="java.library.path" value="/Users/giovanni/Library/Java/Extensions:/Library/Java/Extensions:/Network/Library/Java/Extensions:/System/Library/Java/Extensions:/usr/lib/java:."/>
    <property name="java.vm.info" value="mixed mode, sharing"/>
    <property name="java.vendor" value="N/A"/>
    <property name="java.vm.version" value="15.0.2+7"/>
    <property name="sun.io.unicode.encoding" value="UnicodeBig"/>
    <property name="socksNonProxyHosts" value="local|*.local|169.254/16|*.169.254/16"/>
    <property name="java.class.version" value="59.0"/>
  </properties>
  <testcase name="opcion11MenuInvitadoTest" classname="es.iespuertolacruz.furguito.FurguitoAppTest" time="0.09"/>
  <testcase name="opcionDefaultMenuInvitadoTest" classname="es.iespuertolacruz.furguito.FurguitoAppTest" time="0.001"/>
  <testcase name="salirMenuPrincipalTest" classname="es.iespuertolacruz.furguito.FurguitoAppTest" time="0.011"/>
  <testcase name="opcionDefaultMenuPrincipalTest" classname="es.iespuertolacruz.furguito.FurguitoAppTest" time="0.002"/>
  <testcase name="opcion12MenuInvitadoTest" classname="es.iespuertolacruz.furguito.FurguitoAppTest" time="0.008"/>
  <testcase name="opcion8MenuInvitadoTest" classname="es.iespuertolacruz.furguito.FurguitoAppTest" time="0.003"/>
  <testcase name="opcionDefaultMenuAdminTest" classname="es.iespuertolacruz.furguito.FurguitoAppTest" time="0.004"/>
  <testcase name="opcion9MenuInvitadoTest" classname="es.iespuertolacruz.furguito.FurguitoAppTest" time="0.015"/>
  <testcase name="salirMenuAdminTest" classname="es.iespuertolacruz.furguito.FurguitoAppTest" time="0.002"/>
  <testcase name="salirMenuInvitadoTest" classname="es.iespuertolacruz.furguito.FurguitoAppTest" time="0.007"/>
</testsuite>